<?xml version="1.0" encoding="UTF-8"?>
<testsuite name="Searching offers" tests="1" skipped="0" failures="1" errors="0" timestamp="2020-08-05T17:52:01" hostname="DESKTOP-MO3TN54" time="15.749">
  <properties/>
  <testcase name="User inputs search criteria and can find offers" classname="Searching offers" time="15.749">
    <failure message="org.openqa.selenium.SessionNotCreatedException: session not created&#10;from chrome not reachable&#10;  (Session info: chrome=84.0.4147.105)&#10;Build info: version: '3.141.59', revision: 'e82be7d358', time: '2018-11-14T08:17:03'&#10;System info: host: 'DESKTOP-MO3TN54', ip: '192.168.0.115', os.name: 'Windows 10', os.arch: 'amd64', os.version: '10.0', java.version: '14'&#10;Driver info: driver.version: SelenideDriver&#10;selenide.url: https://pl.linkedin.com/jobs/search?keywords=&amp;location=&amp;geoId=&amp;trk=public_jobs_jobs-search-bar_search-submit&amp;redirect=false&amp;position=1&amp;pageNum=0&#10;selenide.baseUrl: http://localhost:8080&#10;remote stacktrace: Backtrace:&#10;&#9;Ordinal0 [0x003D87E3+2852835]&#10;&#9;Ordinal0 [0x002C5BB1+1727409]&#10;&#9;Ordinal0 [0x0019E362+516962]&#10;&#9;Ordinal0 [0x00197D82+490882]&#10;&#9;Ordinal0 [0x0019846B+492651]&#10;&#9;Ordinal0 [0x001993C5+496581]&#10;&#9;Ordinal0 [0x00194D64+478564]&#10;&#9;Ordinal0 [0x0019F300+520960]&#10;&#9;Ordinal0 [0x0014E489+189577]&#10;&#9;Ordinal0 [0x0014D7FD+186365]&#10;&#9;Ordinal0 [0x0014B70B+177931]&#10;&#9;Ordinal0 [0x00132584+75140]&#10;&#9;Ordinal0 [0x00133650+79440]&#10;&#9;Ordinal0 [0x001335E9+79337]&#10;&#9;Ordinal0 [0x002DAD5C+1813852]&#10;&#9;GetHandleVerifier [0x004FC616+1075574]&#10;&#9;GetHandleVerifier [0x004FC367+1074887]&#10;&#9;GetHandleVerifier [0x00507497+1120247]&#10;&#9;GetHandleVerifier [0x004FCC16+1077110]&#10;&#9;Ordinal0 [0x002D3206+1782278]&#10;&#9;Ordinal0 [0x002DC3BB+1819579]&#10;&#9;Ordinal0 [0x002DC523+1819939]&#10;&#9;Ordinal0 [0x002F2B45+1911621]&#10;&#9;BaseThreadInitThunk [0x75556359+25]&#10;&#9;RtlGetAppContainerNamedObjectPath [0x77BF7C24+228]&#10;&#9;RtlGetAppContainerNamedObjectPath [0x77BF7BF4+180]&#10;" type="org.openqa.selenium.SessionNotCreatedException">org.openqa.selenium.SessionNotCreatedException: session not created
from chrome not reachable
  (Session info: chrome=84.0.4147.105)
Build info: version: '3.141.59', revision: 'e82be7d358', time: '2018-11-14T08:17:03'
System info: host: 'DESKTOP-MO3TN54', ip: '192.168.0.115', os.name: 'Windows 10', os.arch: 'amd64', os.version: '10.0', java.version: '14'
Driver info: driver.version: SelenideDriver
selenide.url: https://pl.linkedin.com/jobs/search?keywords=&amp;location=&amp;geoId=&amp;trk=public_jobs_jobs-search-bar_search-submit&amp;redirect=false&amp;position=1&amp;pageNum=0
selenide.baseUrl: http://localhost:8080
remote stacktrace: Backtrace:
	Ordinal0 [0x003D87E3+2852835]
	Ordinal0 [0x002C5BB1+1727409]
	Ordinal0 [0x0019E362+516962]
	Ordinal0 [0x00197D82+490882]
	Ordinal0 [0x0019846B+492651]
	Ordinal0 [0x001993C5+496581]
	Ordinal0 [0x00194D64+478564]
	Ordinal0 [0x0019F300+520960]
	Ordinal0 [0x0014E489+189577]
	Ordinal0 [0x0014D7FD+186365]
	Ordinal0 [0x0014B70B+177931]
	Ordinal0 [0x00132584+75140]
	Ordinal0 [0x00133650+79440]
	Ordinal0 [0x001335E9+79337]
	Ordinal0 [0x002DAD5C+1813852]
	GetHandleVerifier [0x004FC616+1075574]
	GetHandleVerifier [0x004FC367+1074887]
	GetHandleVerifier [0x00507497+1120247]
	GetHandleVerifier [0x004FCC16+1077110]
	Ordinal0 [0x002D3206+1782278]
	Ordinal0 [0x002DC3BB+1819579]
	Ordinal0 [0x002DC523+1819939]
	Ordinal0 [0x002F2B45+1911621]
	BaseThreadInitThunk [0x75556359+25]
	RtlGetAppContainerNamedObjectPath [0x77BF7C24+228]
	RtlGetAppContainerNamedObjectPath [0x77BF7BF4+180]

	at java.base/jdk.internal.reflect.NativeConstructorAccessorImpl.newInstance0(Native Method)
	at java.base/jdk.internal.reflect.NativeConstructorAccessorImpl.newInstance(NativeConstructorAccessorImpl.java:62)
	at java.base/jdk.internal.reflect.DelegatingConstructorAccessorImpl.newInstance(DelegatingConstructorAccessorImpl.java:45)
	at java.base/java.lang.reflect.Constructor.newInstanceWithCaller(Constructor.java:500)
	at java.base/java.lang.reflect.Constructor.newInstance(Constructor.java:481)
	at org.openqa.selenium.remote.W3CHandshakeResponse.lambda$errorHandler$0(W3CHandshakeResponse.java:62)
	at org.openqa.selenium.remote.HandshakeResponse.lambda$getResponseFunction$0(HandshakeResponse.java:30)
	at org.openqa.selenium.remote.ProtocolHandshake.lambda$createSession$0(ProtocolHandshake.java:126)
	at java.base/java.util.stream.ReferencePipeline$3$1.accept(ReferencePipeline.java:195)
	at java.base/java.util.Spliterators$ArraySpliterator.tryAdvance(Spliterators.java:958)
	at java.base/java.util.stream.ReferencePipeline.forEachWithCancel(ReferencePipeline.java:127)
	at java.base/java.util.stream.AbstractPipeline.copyIntoWithCancel(AbstractPipeline.java:502)
	at java.base/java.util.stream.AbstractPipeline.copyInto(AbstractPipeline.java:488)
	at java.base/java.util.stream.AbstractPipeline.wrapAndCopyInto(AbstractPipeline.java:474)
	at java.base/java.util.stream.FindOps$FindOp.evaluateSequential(FindOps.java:150)
	at java.base/java.util.stream.AbstractPipeline.evaluate(AbstractPipeline.java:234)
	at java.base/java.util.stream.ReferencePipeline.findFirst(ReferencePipeline.java:543)
	at org.openqa.selenium.remote.ProtocolHandshake.createSession(ProtocolHandshake.java:128)
	at org.openqa.selenium.remote.ProtocolHandshake.createSession(ProtocolHandshake.java:74)
	at org.openqa.selenium.remote.HttpCommandExecutor.execute(HttpCommandExecutor.java:136)
	at org.openqa.selenium.remote.service.DriverCommandExecutor.execute(DriverCommandExecutor.java:83)
	at org.openqa.selenium.remote.RemoteWebDriver.execute(RemoteWebDriver.java:552)
	at org.openqa.selenium.remote.RemoteWebDriver.startSession(RemoteWebDriver.java:213)
	at org.openqa.selenium.remote.RemoteWebDriver.&lt;init&gt;(RemoteWebDriver.java:131)
	at org.openqa.selenium.chrome.ChromeDriver.&lt;init&gt;(ChromeDriver.java:181)
	at com.codeborne.selenide.webdriver.ChromeDriverFactory.create(ChromeDriverFactory.java:47)
	at com.codeborne.selenide.webdriver.WebDriverFactory.createWebDriverInstance(WebDriverFactory.java:76)
	at com.codeborne.selenide.webdriver.WebDriverFactory.createWebDriver(WebDriverFactory.java:54)
	at com.codeborne.selenide.drivercommands.CreateDriverCommand.createDriver(CreateDriverCommand.java:45)
	at com.codeborne.selenide.impl.WebDriverThreadLocalContainer.createDriver(WebDriverThreadLocalContainer.java:126)
	at com.codeborne.selenide.impl.WebDriverThreadLocalContainer.getAndCheckWebDriver(WebDriverThreadLocalContainer.java:120)
	at com.codeborne.selenide.WebDriverRunner.getAndCheckWebDriver(WebDriverRunner.java:89)
	at com.codeborne.selenide.impl.StaticDriver.getAndCheckWebDriver(StaticDriver.java:47)
	at com.codeborne.selenide.SelenideDriver.getAndCheckWebDriver(SelenideDriver.java:180)
	at com.codeborne.selenide.drivercommands.Navigator.navigateTo(Navigator.java:65)
	at com.codeborne.selenide.drivercommands.Navigator.open(Navigator.java:28)
	at com.codeborne.selenide.SelenideDriver.open(SelenideDriver.java:76)
	at com.codeborne.selenide.Selenide.open(Selenide.java:48)
	at SearchingOffersSteps.lambda$new$0(SearchingOffersSteps.java:17)
	at âœ½.User opens page(file:///E:/IdeaProjects/CucumberSelenideLinked/src/test/resources/searching_offers.feature:3)
</failure>
  </testcase>
  <system-out><![CDATA[]]></system-out>
  <system-err><![CDATA[[Test worker] INFO com.codeborne.selenide.impl.WebDriverThreadLocalContainer - No webdriver is bound to current thread: 15 - let's create a new webdriver
[Test worker] INFO io.github.bonigarcia.wdm.WebDriverManager - Please answer the following questionnaire based on your experience with WebDriverManager. Thanks a lot!
[Test worker] INFO io.github.bonigarcia.wdm.WebDriverManager - ====> http://tiny.cc/wdm-survey <====
[Test worker] INFO io.github.bonigarcia.wdm.WebDriverManager - Using chromedriver 84.0.4147.30 (since Chrome 84 is installed in your machine)
[Test worker] INFO io.github.bonigarcia.wdm.WebDriverManager - Exporting webdriver.chrome.driver as C:\Users\Radek\.m2\repository\webdriver\chromedriver\win32\84.0.4147.30\chromedriver.exe
Starting ChromeDriver 84.0.4147.30 (48b3e868b4cc0aa7e8149519690b6f6949e110a8-refs/branch-heads/4147@{#310}) on port 6484
Only local connections are allowed.
Please see https://chromedriver.chromium.org/security-considerations for suggestions on keeping ChromeDriver safe.
ChromeDriver was started successfully.
[1596649929.113][WARNING]: Timed out connecting to Chrome, retrying...
]]></system-err>
</testsuite>
